[21-Jul-2020 20:17:25] NOTICE: fpm is running, pid 3623
[21-Jul-2020 20:17:25] NOTICE: ready to handle connections
[21-Jul-2020 23:00:28] NOTICE: Terminating ...
[21-Jul-2020 23:00:28] NOTICE: Terminating ...
[21-Jul-2020 23:00:28] NOTICE: exiting, bye-bye!
[10-Aug-2020 08:09:27] NOTICE: fpm is running, pid 54083
[10-Aug-2020 08:09:27] NOTICE: ready to handle connections
[15-Aug-2020 12:14:31] NOTICE: Terminating ...
[15-Aug-2020 12:14:31] NOTICE: Terminating ...
[15-Aug-2020 12:14:31] NOTICE: exiting, bye-bye!
[15-Aug-2020 12:14:35] NOTICE: fpm is running, pid 12661
[15-Aug-2020 12:14:35] NOTICE: ready to handle connections
[15-Aug-2020 12:17:31] NOTICE: Terminating ...
[15-Aug-2020 12:17:31] NOTICE: Terminating ...
[15-Aug-2020 12:17:31] NOTICE: exiting, bye-bye!
[15-Aug-2020 12:17:34] NOTICE: fpm is running, pid 12801
[15-Aug-2020 12:17:34] NOTICE: ready to handle connections
[16-Aug-2020 20:58:54] NOTICE: Terminating ...
[16-Aug-2020 20:58:54] NOTICE: Terminating ...
[16-Aug-2020 20:58:54] NOTICE: exiting, bye-bye!
